  Kostka_Rubika.cpp
C:\Users\Kurus\Documents\GitHub\KostkaRubika2D\KostkaRubika\Kostka1.h(57,13): warning C4244: "argument": konwersja z "time_t" do "unsigned int", możliwa utrata danych
C:\Users\Kurus\Documents\GitHub\KostkaRubika2D\KostkaRubika\Kostka_Rubika.h(509,12): warning C4244: "inicjowanie": konwersja z "int" do "float", możliwa utrata danych
C:\Users\Kurus\Documents\GitHub\KostkaRubika2D\KostkaRubika\Kostka_Rubika.h(510,18): warning C4244: "inicjowanie": konwersja z "int" do "float", możliwa utrata danych
C:\Users\Kurus\Documents\GitHub\KostkaRubika2D\KostkaRubika\Kostka_Rubika.h(520,132): warning C4244: "argument": konwersja z "double" do "int", możliwa utrata danych
C:\Users\Kurus\Documents\GitHub\KostkaRubika2D\KostkaRubika\Kostka_Rubika.h(520,61): warning C4244: "argument": konwersja z "double" do "int", możliwa utrata danych
C:\Users\Kurus\Documents\GitHub\KostkaRubika2D\KostkaRubika\Kostka_Rubika.h(521,132): warning C4244: "argument": konwersja z "double" do "int", możliwa utrata danych
C:\Users\Kurus\Documents\GitHub\KostkaRubika2D\KostkaRubika\Kostka_Rubika.h(521,61): warning C4244: "argument": konwersja z "double" do "int", możliwa utrata danych
C:\Users\Kurus\Documents\GitHub\KostkaRubika2D\KostkaRubika\Kostka_Rubika.h(522,133): warning C4244: "argument": konwersja z "double" do "int", możliwa utrata danych
C:\Users\Kurus\Documents\GitHub\KostkaRubika2D\KostkaRubika\Kostka_Rubika.h(522,62): warning C4244: "argument": konwersja z "double" do "int", możliwa utrata danych
C:\Users\Kurus\Documents\GitHub\KostkaRubika2D\KostkaRubika\Kostka_Rubika.h(523,133): warning C4244: "argument": konwersja z "double" do "int", możliwa utrata danych
C:\Users\Kurus\Documents\GitHub\KostkaRubika2D\KostkaRubika\Kostka_Rubika.h(523,62): warning C4244: "argument": konwersja z "double" do "int", możliwa utrata danych
C:\Users\Kurus\Documents\GitHub\KostkaRubika2D\KostkaRubika\Kostka_Rubika.h(533,74): warning C4244: "argument": konwersja z "double" do "int", możliwa utrata danych
C:\Users\Kurus\Documents\GitHub\KostkaRubika2D\KostkaRubika\Kostka_Rubika.h(533,46): warning C4244: "argument": konwersja z "double" do "int", możliwa utrata danych
C:\Users\Kurus\Documents\GitHub\KostkaRubika2D\KostkaRubika\Kostka_Rubika.h(534,74): warning C4244: "argument": konwersja z "double" do "int", możliwa utrata danych
C:\Users\Kurus\Documents\GitHub\KostkaRubika2D\KostkaRubika\Kostka_Rubika.h(534,46): warning C4244: "argument": konwersja z "double" do "int", możliwa utrata danych
C:\Users\Kurus\Documents\GitHub\KostkaRubika2D\KostkaRubika\Kostka_Rubika.h(535,75): warning C4244: "argument": konwersja z "double" do "int", możliwa utrata danych
C:\Users\Kurus\Documents\GitHub\KostkaRubika2D\KostkaRubika\Kostka_Rubika.h(535,47): warning C4244: "argument": konwersja z "double" do "int", możliwa utrata danych
C:\Users\Kurus\Documents\GitHub\KostkaRubika2D\KostkaRubika\Kostka_Rubika.h(536,75): warning C4244: "argument": konwersja z "double" do "int", możliwa utrata danych
C:\Users\Kurus\Documents\GitHub\KostkaRubika2D\KostkaRubika\Kostka_Rubika.h(536,47): warning C4244: "argument": konwersja z "double" do "int", możliwa utrata danych
C:\Users\Kurus\Documents\GitHub\KostkaRubika2D\KostkaRubika\Kostka_Rubika.h(563,103): warning C4244: "argument": konwersja z "double" do "int", możliwa utrata danych
C:\Users\Kurus\Documents\GitHub\KostkaRubika2D\KostkaRubika\Kostka_Rubika.h(563,66): warning C4244: "argument": konwersja z "double" do "int", możliwa utrata danych
C:\Users\Kurus\Documents\GitHub\KostkaRubika2D\KostkaRubika\Kostka_Rubika.h(564,103): warning C4244: "argument": konwersja z "double" do "int", możliwa utrata danych
C:\Users\Kurus\Documents\GitHub\KostkaRubika2D\KostkaRubika\Kostka_Rubika.h(564,66): warning C4244: "argument": konwersja z "double" do "int", możliwa utrata danych
C:\Users\Kurus\Documents\GitHub\KostkaRubika2D\KostkaRubika\Kostka_Rubika.h(565,108): warning C4244: "argument": konwersja z "double" do "int", możliwa utrata danych
C:\Users\Kurus\Documents\GitHub\KostkaRubika2D\KostkaRubika\Kostka_Rubika.h(565,71): warning C4244: "argument": konwersja z "double" do "int", możliwa utrata danych
C:\Users\Kurus\Documents\GitHub\KostkaRubika2D\KostkaRubika\Kostka_Rubika.h(566,108): warning C4244: "argument": konwersja z "double" do "int", możliwa utrata danych
C:\Users\Kurus\Documents\GitHub\KostkaRubika2D\KostkaRubika\Kostka_Rubika.h(566,71): warning C4244: "argument": konwersja z "double" do "int", możliwa utrata danych
C:\Users\Kurus\Documents\GitHub\KostkaRubika2D\KostkaRubika\Kostka_Rubika.h(590,106): warning C4244: "argument": konwersja z "double" do "int", możliwa utrata danych
C:\Users\Kurus\Documents\GitHub\KostkaRubika2D\KostkaRubika\Kostka_Rubika.h(590,53): warning C4244: "argument": konwersja z "double" do "int", możliwa utrata danych
C:\Users\Kurus\Documents\GitHub\KostkaRubika2D\KostkaRubika\Kostka_Rubika.h(591,101): warning C4244: "argument": konwersja z "double" do "int", możliwa utrata danych
C:\Users\Kurus\Documents\GitHub\KostkaRubika2D\KostkaRubika\Kostka_Rubika.h(591,53): warning C4244: "argument": konwersja z "double" do "int", możliwa utrata danych
C:\Users\Kurus\Documents\GitHub\KostkaRubika2D\KostkaRubika\Kostka_Rubika.h(592,102): warning C4244: "argument": konwersja z "double" do "int", możliwa utrata danych
C:\Users\Kurus\Documents\GitHub\KostkaRubika2D\KostkaRubika\Kostka_Rubika.h(592,54): warning C4244: "argument": konwersja z "double" do "int", możliwa utrata danych
C:\Users\Kurus\Documents\GitHub\KostkaRubika2D\KostkaRubika\Kostka_Rubika.h(593,107): warning C4244: "argument": konwersja z "double" do "int", możliwa utrata danych
C:\Users\Kurus\Documents\GitHub\KostkaRubika2D\KostkaRubika\Kostka_Rubika.h(593,54): warning C4244: "argument": konwersja z "double" do "int", możliwa utrata danych
C:\Users\Kurus\Documents\GitHub\KostkaRubika2D\KostkaRubika\Kostka_Rubika.cpp(8,15): warning C4551: wywołaniu funkcji brakuje listy argumentów
  Logowanie.cpp
C:\Users\Kurus\Documents\GitHub\KostkaRubika2D\KostkaRubika\Kostka1.h(57,13): warning C4244: "argument": konwersja z "time_t" do "unsigned int", możliwa utrata danych
C:\Users\Kurus\Documents\GitHub\KostkaRubika2D\KostkaRubika\Kostka_Rubika.h(509,12): warning C4244: "inicjowanie": konwersja z "int" do "float", możliwa utrata danych
C:\Users\Kurus\Documents\GitHub\KostkaRubika2D\KostkaRubika\Kostka_Rubika.h(510,18): warning C4244: "inicjowanie": konwersja z "int" do "float", możliwa utrata danych
C:\Users\Kurus\Documents\GitHub\KostkaRubika2D\KostkaRubika\Kostka_Rubika.h(520,132): warning C4244: "argument": konwersja z "double" do "int", możliwa utrata danych
C:\Users\Kurus\Documents\GitHub\KostkaRubika2D\KostkaRubika\Kostka_Rubika.h(520,61): warning C4244: "argument": konwersja z "double" do "int", możliwa utrata danych
C:\Users\Kurus\Documents\GitHub\KostkaRubika2D\KostkaRubika\Kostka_Rubika.h(521,132): warning C4244: "argument": konwersja z "double" do "int", możliwa utrata danych
C:\Users\Kurus\Documents\GitHub\KostkaRubika2D\KostkaRubika\Kostka_Rubika.h(521,61): warning C4244: "argument": konwersja z "double" do "int", możliwa utrata danych
C:\Users\Kurus\Documents\GitHub\KostkaRubika2D\KostkaRubika\Kostka_Rubika.h(522,133): warning C4244: "argument": konwersja z "double" do "int", możliwa utrata danych
C:\Users\Kurus\Documents\GitHub\KostkaRubika2D\KostkaRubika\Kostka_Rubika.h(522,62): warning C4244: "argument": konwersja z "double" do "int", możliwa utrata danych
C:\Users\Kurus\Documents\GitHub\KostkaRubika2D\KostkaRubika\Kostka_Rubika.h(523,133): warning C4244: "argument": konwersja z "double" do "int", możliwa utrata danych
C:\Users\Kurus\Documents\GitHub\KostkaRubika2D\KostkaRubika\Kostka_Rubika.h(523,62): warning C4244: "argument": konwersja z "double" do "int", możliwa utrata danych
C:\Users\Kurus\Documents\GitHub\KostkaRubika2D\KostkaRubika\Kostka_Rubika.h(533,74): warning C4244: "argument": konwersja z "double" do "int", możliwa utrata danych
C:\Users\Kurus\Documents\GitHub\KostkaRubika2D\KostkaRubika\Kostka_Rubika.h(533,46): warning C4244: "argument": konwersja z "double" do "int", możliwa utrata danych
C:\Users\Kurus\Documents\GitHub\KostkaRubika2D\KostkaRubika\Kostka_Rubika.h(534,74): warning C4244: "argument": konwersja z "double" do "int", możliwa utrata danych
C:\Users\Kurus\Documents\GitHub\KostkaRubika2D\KostkaRubika\Kostka_Rubika.h(534,46): warning C4244: "argument": konwersja z "double" do "int", możliwa utrata danych
C:\Users\Kurus\Documents\GitHub\KostkaRubika2D\KostkaRubika\Kostka_Rubika.h(535,75): warning C4244: "argument": konwersja z "double" do "int", możliwa utrata danych
C:\Users\Kurus\Documents\GitHub\KostkaRubika2D\KostkaRubika\Kostka_Rubika.h(535,47): warning C4244: "argument": konwersja z "double" do "int", możliwa utrata danych
C:\Users\Kurus\Documents\GitHub\KostkaRubika2D\KostkaRubika\Kostka_Rubika.h(536,75): warning C4244: "argument": konwersja z "double" do "int", możliwa utrata danych
C:\Users\Kurus\Documents\GitHub\KostkaRubika2D\KostkaRubika\Kostka_Rubika.h(536,47): warning C4244: "argument": konwersja z "double" do "int", możliwa utrata danych
C:\Users\Kurus\Documents\GitHub\KostkaRubika2D\KostkaRubika\Kostka_Rubika.h(563,103): warning C4244: "argument": konwersja z "double" do "int", możliwa utrata danych
C:\Users\Kurus\Documents\GitHub\KostkaRubika2D\KostkaRubika\Kostka_Rubika.h(563,66): warning C4244: "argument": konwersja z "double" do "int", możliwa utrata danych
C:\Users\Kurus\Documents\GitHub\KostkaRubika2D\KostkaRubika\Kostka_Rubika.h(564,103): warning C4244: "argument": konwersja z "double" do "int", możliwa utrata danych
C:\Users\Kurus\Documents\GitHub\KostkaRubika2D\KostkaRubika\Kostka_Rubika.h(564,66): warning C4244: "argument": konwersja z "double" do "int", możliwa utrata danych
C:\Users\Kurus\Documents\GitHub\KostkaRubika2D\KostkaRubika\Kostka_Rubika.h(565,108): warning C4244: "argument": konwersja z "double" do "int", możliwa utrata danych
C:\Users\Kurus\Documents\GitHub\KostkaRubika2D\KostkaRubika\Kostka_Rubika.h(565,71): warning C4244: "argument": konwersja z "double" do "int", możliwa utrata danych
C:\Users\Kurus\Documents\GitHub\KostkaRubika2D\KostkaRubika\Kostka_Rubika.h(566,108): warning C4244: "argument": konwersja z "double" do "int", możliwa utrata danych
C:\Users\Kurus\Documents\GitHub\KostkaRubika2D\KostkaRubika\Kostka_Rubika.h(566,71): warning C4244: "argument": konwersja z "double" do "int", możliwa utrata danych
C:\Users\Kurus\Documents\GitHub\KostkaRubika2D\KostkaRubika\Kostka_Rubika.h(590,106): warning C4244: "argument": konwersja z "double" do "int", możliwa utrata danych
C:\Users\Kurus\Documents\GitHub\KostkaRubika2D\KostkaRubika\Kostka_Rubika.h(590,53): warning C4244: "argument": konwersja z "double" do "int", możliwa utrata danych
C:\Users\Kurus\Documents\GitHub\KostkaRubika2D\KostkaRubika\Kostka_Rubika.h(591,101): warning C4244: "argument": konwersja z "double" do "int", możliwa utrata danych
C:\Users\Kurus\Documents\GitHub\KostkaRubika2D\KostkaRubika\Kostka_Rubika.h(591,53): warning C4244: "argument": konwersja z "double" do "int", możliwa utrata danych
C:\Users\Kurus\Documents\GitHub\KostkaRubika2D\KostkaRubika\Kostka_Rubika.h(592,102): warning C4244: "argument": konwersja z "double" do "int", możliwa utrata danych
C:\Users\Kurus\Documents\GitHub\KostkaRubika2D\KostkaRubika\Kostka_Rubika.h(592,54): warning C4244: "argument": konwersja z "double" do "int", możliwa utrata danych
C:\Users\Kurus\Documents\GitHub\KostkaRubika2D\KostkaRubika\Kostka_Rubika.h(593,107): warning C4244: "argument": konwersja z "double" do "int", możliwa utrata danych
C:\Users\Kurus\Documents\GitHub\KostkaRubika2D\KostkaRubika\Kostka_Rubika.h(593,54): warning C4244: "argument": konwersja z "double" do "int", możliwa utrata danych
  Rejestracja.cpp
C:\Users\Kurus\Documents\GitHub\KostkaRubika2D\KostkaRubika\Kostka1.h(57,13): warning C4244: "argument": konwersja z "time_t" do "unsigned int", możliwa utrata danych
C:\Users\Kurus\Documents\GitHub\KostkaRubika2D\KostkaRubika\Kostka_Rubika.h(509,12): warning C4244: "inicjowanie": konwersja z "int" do "float", możliwa utrata danych
C:\Users\Kurus\Documents\GitHub\KostkaRubika2D\KostkaRubika\Kostka_Rubika.h(510,18): warning C4244: "inicjowanie": konwersja z "int" do "float", możliwa utrata danych
C:\Users\Kurus\Documents\GitHub\KostkaRubika2D\KostkaRubika\Kostka_Rubika.h(520,132): warning C4244: "argument": konwersja z "double" do "int", możliwa utrata danych
C:\Users\Kurus\Documents\GitHub\KostkaRubika2D\KostkaRubika\Kostka_Rubika.h(520,61): warning C4244: "argument": konwersja z "double" do "int", możliwa utrata danych
C:\Users\Kurus\Documents\GitHub\KostkaRubika2D\KostkaRubika\Kostka_Rubika.h(521,132): warning C4244: "argument": konwersja z "double" do "int", możliwa utrata danych
C:\Users\Kurus\Documents\GitHub\KostkaRubika2D\KostkaRubika\Kostka_Rubika.h(521,61): warning C4244: "argument": konwersja z "double" do "int", możliwa utrata danych
C:\Users\Kurus\Documents\GitHub\KostkaRubika2D\KostkaRubika\Kostka_Rubika.h(522,133): warning C4244: "argument": konwersja z "double" do "int", możliwa utrata danych
C:\Users\Kurus\Documents\GitHub\KostkaRubika2D\KostkaRubika\Kostka_Rubika.h(522,62): warning C4244: "argument": konwersja z "double" do "int", możliwa utrata danych
C:\Users\Kurus\Documents\GitHub\KostkaRubika2D\KostkaRubika\Kostka_Rubika.h(523,133): warning C4244: "argument": konwersja z "double" do "int", możliwa utrata danych
C:\Users\Kurus\Documents\GitHub\KostkaRubika2D\KostkaRubika\Kostka_Rubika.h(523,62): warning C4244: "argument": konwersja z "double" do "int", możliwa utrata danych
C:\Users\Kurus\Documents\GitHub\KostkaRubika2D\KostkaRubika\Kostka_Rubika.h(533,74): warning C4244: "argument": konwersja z "double" do "int", możliwa utrata danych
C:\Users\Kurus\Documents\GitHub\KostkaRubika2D\KostkaRubika\Kostka_Rubika.h(533,46): warning C4244: "argument": konwersja z "double" do "int", możliwa utrata danych
C:\Users\Kurus\Documents\GitHub\KostkaRubika2D\KostkaRubika\Kostka_Rubika.h(534,74): warning C4244: "argument": konwersja z "double" do "int", możliwa utrata danych
C:\Users\Kurus\Documents\GitHub\KostkaRubika2D\KostkaRubika\Kostka_Rubika.h(534,46): warning C4244: "argument": konwersja z "double" do "int", możliwa utrata danych
C:\Users\Kurus\Documents\GitHub\KostkaRubika2D\KostkaRubika\Kostka_Rubika.h(535,75): warning C4244: "argument": konwersja z "double" do "int", możliwa utrata danych
C:\Users\Kurus\Documents\GitHub\KostkaRubika2D\KostkaRubika\Kostka_Rubika.h(535,47): warning C4244: "argument": konwersja z "double" do "int", możliwa utrata danych
C:\Users\Kurus\Documents\GitHub\KostkaRubika2D\KostkaRubika\Kostka_Rubika.h(536,75): warning C4244: "argument": konwersja z "double" do "int", możliwa utrata danych
C:\Users\Kurus\Documents\GitHub\KostkaRubika2D\KostkaRubika\Kostka_Rubika.h(536,47): warning C4244: "argument": konwersja z "double" do "int", możliwa utrata danych
C:\Users\Kurus\Documents\GitHub\KostkaRubika2D\KostkaRubika\Kostka_Rubika.h(563,103): warning C4244: "argument": konwersja z "double" do "int", możliwa utrata danych
C:\Users\Kurus\Documents\GitHub\KostkaRubika2D\KostkaRubika\Kostka_Rubika.h(563,66): warning C4244: "argument": konwersja z "double" do "int", możliwa utrata danych
C:\Users\Kurus\Documents\GitHub\KostkaRubika2D\KostkaRubika\Kostka_Rubika.h(564,103): warning C4244: "argument": konwersja z "double" do "int", możliwa utrata danych
C:\Users\Kurus\Documents\GitHub\KostkaRubika2D\KostkaRubika\Kostka_Rubika.h(564,66): warning C4244: "argument": konwersja z "double" do "int", możliwa utrata danych
C:\Users\Kurus\Documents\GitHub\KostkaRubika2D\KostkaRubika\Kostka_Rubika.h(565,108): warning C4244: "argument": konwersja z "double" do "int", możliwa utrata danych
C:\Users\Kurus\Documents\GitHub\KostkaRubika2D\KostkaRubika\Kostka_Rubika.h(565,71): warning C4244: "argument": konwersja z "double" do "int", możliwa utrata danych
C:\Users\Kurus\Documents\GitHub\KostkaRubika2D\KostkaRubika\Kostka_Rubika.h(566,108): warning C4244: "argument": konwersja z "double" do "int", możliwa utrata danych
C:\Users\Kurus\Documents\GitHub\KostkaRubika2D\KostkaRubika\Kostka_Rubika.h(566,71): warning C4244: "argument": konwersja z "double" do "int", możliwa utrata danych
C:\Users\Kurus\Documents\GitHub\KostkaRubika2D\KostkaRubika\Kostka_Rubika.h(590,106): warning C4244: "argument": konwersja z "double" do "int", możliwa utrata danych
C:\Users\Kurus\Documents\GitHub\KostkaRubika2D\KostkaRubika\Kostka_Rubika.h(590,53): warning C4244: "argument": konwersja z "double" do "int", możliwa utrata danych
C:\Users\Kurus\Documents\GitHub\KostkaRubika2D\KostkaRubika\Kostka_Rubika.h(591,101): warning C4244: "argument": konwersja z "double" do "int", możliwa utrata danych
C:\Users\Kurus\Documents\GitHub\KostkaRubika2D\KostkaRubika\Kostka_Rubika.h(591,53): warning C4244: "argument": konwersja z "double" do "int", możliwa utrata danych
C:\Users\Kurus\Documents\GitHub\KostkaRubika2D\KostkaRubika\Kostka_Rubika.h(592,102): warning C4244: "argument": konwersja z "double" do "int", możliwa utrata danych
C:\Users\Kurus\Documents\GitHub\KostkaRubika2D\KostkaRubika\Kostka_Rubika.h(592,54): warning C4244: "argument": konwersja z "double" do "int", możliwa utrata danych
C:\Users\Kurus\Documents\GitHub\KostkaRubika2D\KostkaRubika\Kostka_Rubika.h(593,107): warning C4244: "argument": konwersja z "double" do "int", możliwa utrata danych
C:\Users\Kurus\Documents\GitHub\KostkaRubika2D\KostkaRubika\Kostka_Rubika.h(593,54): warning C4244: "argument": konwersja z "double" do "int", możliwa utrata danych
  Generowanie kodu...
C:\Users\Kurus\Documents\GitHub\KostkaRubika2D\KostkaRubika\Kostka1.h(336): warning C4715: "Kostka1::check”: niewszystkie ścieżki kodu zwracają wartość
C:\Users\Kurus\Documents\GitHub\KostkaRubika2D\KostkaRubika\Kostka1.h(336): warning C4715: "Kostka1::check”: niewszystkie ścieżki kodu zwracają wartość
C:\Users\Kurus\Documents\GitHub\KostkaRubika2D\KostkaRubika\Kostka1.h(336): warning C4715: "Kostka1::check”: niewszystkie ścieżki kodu zwracają wartość
  Kostka1.obj : napotkano moduł MSIL; konsolidowanie przyrostowe jest wyłączone dla modułów MSIL; zostanie wykonana pełna konsolidacja
  KostkaRubika.vcxproj -> C:\Users\Kurus\Documents\GitHub\KostkaRubika2D\x64\Release\KostkaRubika.exe
