d:\rubik visual\chyba wszystko git\kostkarubika\kostkarubika\x64\debug\vc143.pdb
c:\users\kurus\desktop\chyba wszystko git\kostkarubika\kostkarubika\x64\debug\vc143.pdb
c:\users\kurus\desktop\chyba wszystko git\kostkarubika\kostkarubika\x64\debug\.netframework,version=v4.7.2.assemblyattributes.obj
c:\users\kurus\desktop\chyba wszystko git\kostkarubika\kostkarubika\x64\debug\rejestracja.obj
c:\users\kurus\desktop\chyba wszystko git\kostkarubika\kostkarubika\x64\debug\logowanie.obj
c:\users\kurus\desktop\chyba wszystko git\kostkarubika\kostkarubika\x64\debug\kostka_rubika.obj
c:\users\kurus\desktop\chyba wszystko git\kostkarubika\kostkarubika\x64\debug\kostka1.obj
c:\users\kurus\source\repos\kostkarubika\kostkarubika\x64\debug\kostkarubika.myform.resources
c:\users\kurus\onedrive\pulpit\kostkarubika\kostkarubika\x64\debug\kostkarubika.myform.resources
c:\users\kurus\onedrive\pulpit\kostkarubika\kostkarubika\x64\debug\kostkarubika.myform1.resources
c:\users\kurus\desktop\kostkarubika\kostkarubika\x64\debug\kostkarubika.myform.resources
c:\users\kurus\desktop\kostkarubika\kostkarubika\x64\debug\kostkarubika.myform1.resources
c:\users\kurus\desktop\kostkarubika\kostkarubika\x64\debug\kostkarubika.kostka_rubika.resources
c:\users\kurus\desktop\kostkarubika\kostkarubika\x64\debug\kostkarubika.logowanie.resources
c:\users\kurus\desktop\kostkarubika\kostkarubika\x64\debug\kostkarubika.rejestracja.resources
c:\users\kurus\desktop\chyba wszystko git\kostkarubika\kostkarubika\x64\debug\kostkarubika.kostka_rubika.resources
c:\users\kurus\desktop\chyba wszystko git\kostkarubika\kostkarubika\x64\debug\kostkarubika.logowanie.resources
c:\users\kurus\desktop\chyba wszystko git\kostkarubika\kostkarubika\x64\debug\kostkarubika.rejestracja.resources
c:\users\kurus\desktop\chyba wszystko git\kostkarubika\x64\debug\kostkarubika.exe
c:\users\kurus\desktop\chyba wszystko git\kostkarubika\x64\debug\kostkarubika.pdb
c:\users\kurus\documents\github\kostkarubika2d\kostkarubika\x64\debug\kostkarubika.vcxproj.assemblyreference.cache
c:\users\kurus\documents\github\kostkarubika2d\kostkarubika\x64\debug\kostkarubika.vcxproj.generateresource.cache
c:\users\kurus\documents\github\kostkarubika2d\kostkarubika\x64\debug\kostkarubika.vcxproj.suggestedbindingredirects.cache
c:\users\kurus\documents\github\kostkarubika2d\kostkarubika\x64\debug\.netframework,version=v4.7.2.assemblyattributes.obj
c:\users\kurus\documents\github\kostkarubika2d\kostkarubika\x64\debug\kostka1.obj
c:\users\kurus\documents\github\kostkarubika2d\kostkarubika\x64\debug\kostka_rubika.obj
c:\users\kurus\documents\github\kostkarubika2d\kostkarubika\x64\debug\logowanie.obj
c:\users\kurus\documents\github\kostkarubika2d\kostkarubika\x64\debug\myform.obj
c:\users\kurus\documents\github\kostkarubika2d\kostkarubika\x64\debug\myform1.obj
c:\users\kurus\documents\github\kostkarubika2d\kostkarubika\x64\debug\rejestracja.obj
c:\users\kurus\documents\github\kostkarubika2d\kostkarubika\x64\debug\kostkarubika.kostka_rubika.resources
c:\users\kurus\documents\github\kostkarubika2d\kostkarubika\x64\debug\kostkarubika.logowanie.resources
c:\users\kurus\documents\github\kostkarubika2d\kostkarubika\x64\debug\kostkarubika.rejestracja.resources
c:\users\kurus\documents\github\kostkarubika2d\kostkarubika\x64\debug\vc143.pdb
c:\users\kurus\documents\github\kostkarubika2d\x64\debug\kostkarubika.pdb
c:\users\kurus\documents\github\kostkarubika2d\x64\debug\kostkarubika.exe
c:\users\kurus\documents\github\kostkarubika2d\kostkarubika\x64\debug\kostkarubika.tlog\cl.command.1.tlog
c:\users\kurus\documents\github\kostkarubika2d\kostkarubika\x64\debug\kostkarubika.tlog\cl.read.1.tlog
c:\users\kurus\documents\github\kostkarubika2d\kostkarubika\x64\debug\kostkarubika.tlog\cl.write.1.tlog
c:\users\kurus\documents\github\kostkarubika2d\kostkarubika\x64\debug\kostkarubika.tlog\kostkarubika.write.1u.tlog
c:\users\kurus\documents\github\kostkarubika2d\kostkarubika\x64\debug\kostkarubika.tlog\link.command.1.tlog
c:\users\kurus\documents\github\kostkarubika2d\kostkarubika\x64\debug\kostkarubika.tlog\link.read.1.tlog
c:\users\kurus\documents\github\kostkarubika2d\kostkarubika\x64\debug\kostkarubika.tlog\link.write.1.tlog
c:\users\kurus\documents\github\kostkarubika2d\kostkarubika\x64\debug\kostkarubika.tlog\metagen.read.1.tlog
c:\users\kurus\documents\github\kostkarubika2d\kostkarubika\x64\debug\kostkarubika.tlog\metagen.write.1.tlog
